# JRE version: OpenJDK Runtime Environment (8.0_202-b03) (build 1.8.0_202-release-1483-b03)
# Java VM: OpenJDK 64-Bit Server VM (25.202-b03 mixed mode windows-amd64 compressed oops)
Heap:
 PSYoungGen      total 352768K, used 308389K [0x00000000e0000000, 0x00000000fde00000, 0x0000000100000000)
  eden space 283136K, 84% used [0x00000000e0000000,0x00000000ee92e768,0x00000000f1480000)
  from space 69632K, 99% used [0x00000000f9a00000,0x00000000fddfaf08,0x00000000fde00000)
  to   space 43520K, 0% used [0x00000000f1480000,0x00000000f1480000,0x00000000f3f00000)
 ParOldGen       total 263168K, used 179952K [0x00000000a0000000, 0x00000000b0100000, 0x00000000e0000000)
  object space 263168K, 68% used [0x00000000a0000000,0x00000000aafbc0e8,0x00000000b0100000)
 Metaspace       used 99566K, capacity 105054K, committed 105304K, reserved 1140736K
  class space    used 13166K, capacity 14400K, committed 14464K, reserved 1048576K
GC Heap History (10 events):
Event: 147.520 GC heap before
{Heap before GC invocations=20 (full 3):
 PSYoungGen      total 286208K, used 272242K [0x00000000e0000000, 0x00000000f3680000, 0x0000000100000000)
  eden space 255488K, 100% used [0x00000000e0000000,0x00000000ef980000,0x00000000ef980000)
  from space 30720K, 54% used [0x00000000f1700000,0x00000000f275ca88,0x00000000f3500000)
  to   space 30208K, 0% used [0x00000000ef980000,0x00000000ef980000,0x00000000f1700000)
 ParOldGen       total 133120K, used 89657K [0x00000000a0000000, 0x00000000a8200000, 0x00000000e0000000)
  object space 133120K, 67% used [0x00000000a0000000,0x00000000a578e630,0x00000000a8200000)
 Metaspace       used 83812K, capacity 88326K, committed 88408K, reserved 1126400K
  class space    used 11016K, capacity 12124K, committed 12160K, reserved 1048576K
Event: 147.633 GC heap after
Heap after GC invocations=20 (full 3):
 PSYoungGen      total 285696K, used 30206K [0x00000000e0000000, 0x00000000f6600000, 0x0000000100000000)
  eden space 255488K, 0% used [0x00000000e0000000,0x00000000e0000000,0x00000000ef980000)
  from space 30208K, 99% used [0x00000000ef980000,0x00000000f16ff9e8,0x00000000f1700000)
  to   space 39936K, 0% used [0x00000000f3f00000,0x00000000f3f00000,0x00000000f6600000)
 ParOldGen       total 133120K, used 103479K [0x00000000a0000000, 0x00000000a8200000, 0x00000000e0000000)
  object space 133120K, 77% used [0x00000000a0000000,0x00000000a650ded8,0x00000000a8200000)
 Metaspace       used 83812K, capacity 88326K, committed 88408K, reserved 1126400K
  class space    used 11016K, capacity 12124K, committed 12160K, reserved 1048576K
}
Event: 169.976 GC heap before
{Heap before GC invocations=21 (full 3):
 PSYoungGen      total 285696K, used 285105K [0x00000000e0000000, 0x00000000f6600000, 0x0000000100000000)
  eden space 255488K, 99% used [0x00000000e0000000,0x00000000ef8ecab0,0x00000000ef980000)
  from space 30208K, 99% used [0x00000000ef980000,0x00000000f16ff9e8,0x00000000f1700000)
  to   space 39936K, 0% used [0x00000000f3f00000,0x00000000f3f00000,0x00000000f6600000)
 ParOldGen       total 133120K, used 103479K [0x00000000a0000000, 0x00000000a8200000, 0x00000000e0000000)
  object space 133120K, 77% used [0x00000000a0000000,0x00000000a650ded8,0x00000000a8200000)
 Metaspace       used 90678K, capacity 95508K, committed 95576K, reserved 1132544K
  class space    used 11998K, capacity 13153K, committed 13184K, reserved 1048576K
Event: 170.064 GC heap after
Heap after GC invocations=21 (full 3):
 PSYoungGen      total 323072K, used 32597K [0x00000000e0000000, 0x00000000f6a00000, 0x0000000100000000)
  eden space 283136K, 0% used [0x00000000e0000000,0x00000000e0000000,0x00000000f1480000)
  from space 39936K, 81% used [0x00000000f3f00000,0x00000000f5ed56c0,0x00000000f6600000)
  to   space 43520K, 0% used [0x00000000f1480000,0x00000000f1480000,0x00000000f3f00000)
 ParOldGen       total 133120K, used 114370K [0x00000000a0000000, 0x00000000a8200000, 0x00000000e0000000)
  object space 133120K, 85% used [0x00000000a0000000,0x00000000a6fb0a18,0x00000000a8200000)
 Metaspace       used 90678K, capacity 95508K, committed 95576K, reserved 1132544K
  class space    used 11998K, capacity 13153K, committed 13184K, reserved 1048576K
}
Event: 170.064 GC heap before
{Heap before GC invocations=22 (full 4):
 PSYoungGen      total 323072K, used 32597K [0x00000000e0000000, 0x00000000f6a00000, 0x0000000100000000)
  eden space 283136K, 0% used [0x00000000e0000000,0x00000000e0000000,0x00000000f1480000)
  from space 39936K, 81% used [0x00000000f3f00000,0x00000000f5ed56c0,0x00000000f6600000)
  to   space 43520K, 0% used [0x00000000f1480000,0x00000000f1480000,0x00000000f3f00000)
 ParOldGen       total 133120K, used 114370K [0x00000000a0000000, 0x00000000a8200000, 0x00000000e0000000)
  object space 133120K, 85% used [0x00000000a0000000,0x00000000a6fb0a18,0x00000000a8200000)
 Metaspace       used 90678K, capacity 95508K, committed 95576K, reserved 1132544K
  class space    used 11998K, capacity 13153K, committed 13184K, reserved 1048576K
Event: 170.830 GC heap after
Heap after GC invocations=22 (full 4):
 PSYoungGen      total 323072K, used 0K [0x00000000e0000000, 0x00000000f6a00000, 0x0000000100000000)
  eden space 283136K, 0% used [0x00000000e0000000,0x00000000e0000000,0x00000000f1480000)
  from space 39936K, 0% used [0x00000000f3f00000,0x00000000f3f00000,0x00000000f6600000)
  to   space 43520K, 0% used [0x00000000f1480000,0x00000000f1480000,0x00000000f3f00000)
 ParOldGen       total 263168K, used 119915K [0x00000000a0000000, 0x00000000b0100000, 0x00000000e0000000)
  object space 263168K, 45% used [0x00000000a0000000,0x00000000a751ad60,0x00000000b0100000)
 Metaspace       used 90554K, capacity 95164K, committed 95576K, reserved 1132544K
  class space    used 11959K, capacity 13083K, committed 13184K, reserved 1048576K
}
Event: 174.035 GC heap before
{Heap before GC invocations=23 (full 4):
 PSYoungGen      total 323072K, used 283136K [0x00000000e0000000, 0x00000000f6a00000, 0x0000000100000000)
  eden space 283136K, 100% used [0x00000000e0000000,0x00000000f1480000,0x00000000f1480000)
  from space 39936K, 0% used [0x00000000f3f00000,0x00000000f3f00000,0x00000000f6600000)
  to   space 43520K, 0% used [0x00000000f1480000,0x00000000f1480000,0x00000000f3f00000)
 ParOldGen       total 263168K, used 119915K [0x00000000a0000000, 0x00000000b0100000, 0x00000000e0000000)
  object space 263168K, 45% used [0x00000000a0000000,0x00000000a751ad60,0x00000000b0100000)
 Metaspace       used 97626K, capacity 102690K, committed 102872K, reserved 1138688K
  class space    used 13016K, capacity 14234K, committed 14336K, reserved 1048576K
Event: 174.316 GC heap after
Heap after GC invocations=23 (full 4):
 PSYoungGen      total 326656K, used 43491K [0x00000000e0000000, 0x00000000fde00000, 0x0000000100000000)
  eden space 283136K, 0% used [0x00000000e0000000,0x00000000e0000000,0x00000000f1480000)
  from space 43520K, 99% used [0x00000000f1480000,0x00000000f3ef8f80,0x00000000f3f00000)
  to   space 69632K, 0% used [0x00000000f9a00000,0x00000000f9a00000,0x00000000fde00000)
 ParOldGen       total 263168K, used 172691K [0x00000000a0000000, 0x00000000b0100000, 0x00000000e0000000)
  object space 263168K, 65% used [0x00000000a0000000,0x00000000aa8a4c48,0x00000000b0100000)
 Metaspace       used 97626K, capacity 102690K, committed 102872K, reserved 1138688K
  class space    used 13016K, capacity 14234K, committed 14336K, reserved 1048576K
}
Event: 178.639 GC heap before
{Heap before GC invocations=24 (full 4):
 PSYoungGen      total 326656K, used 326627K [0x00000000e0000000, 0x00000000fde00000, 0x0000000100000000)
  eden space 283136K, 100% used [0x00000000e0000000,0x00000000f1480000,0x00000000f1480000)
  from space 43520K, 99% used [0x00000000f1480000,0x00000000f3ef8f80,0x00000000f3f00000)
  to   space 69632K, 0% used [0x00000000f9a00000,0x00000000f9a00000,0x00000000fde00000)
 ParOldGen       total 263168K, used 172691K [0x00000000a0000000, 0x00000000b0100000, 0x00000000e0000000)
  object space 263168K, 65% used [0x00000000a0000000,0x00000000aa8a4c48,0x00000000b0100000)
 Metaspace       used 99215K, capacity 104636K, committed 104792K, reserved 1140736K
  class space    used 13123K, capacity 14377K, committed 14464K, reserved 1048576K
Event: 178.823 GC heap after
Heap after GC invocations=24 (full 4):
 PSYoungGen      total 352768K, used 69611K [0x00000000e0000000, 0x00000000fde00000, 0x0000000100000000)
  eden space 283136K, 0% used [0x00000000e0000000,0x00000000e0000000,0x00000000f1480000)
  from space 69632K, 99% used [0x00000000f9a00000,0x00000000fddfaf08,0x00000000fde00000)
  to   space 43520K, 0% used [0x00000000f1480000,0x00000000f1480000,0x00000000f3f00000)
 ParOldGen       total 263168K, used 179952K [0x00000000a0000000, 0x00000000b0100000, 0x00000000e0000000)
  object space 263168K, 68% used [0x00000000a0000000,0x00000000aafbc0e8,0x00000000b0100000)
 Metaspace       used 99215K, capacity 104636K, committed 104792K, reserved 1140736K
  class space    used 13123K, capacity 14377K, committed 14464K, reserved 1048576K
}

